This is pdfTeX, Version 3.14159265-2.6-1.40.21 (MiKTeX 20.11) (preloaded format=pdflatex 2020.11.11)  23 APR 2021 01:16
entering extended mode
**"e:/Universidad/UPT_2021_I/Inteligencia de Negocios/Lab02_Zu√±igaSilva/Lab02_Zu√±igaSilva.tex"
("e:/Universidad/UPT_2021_I/Inteligencia de Negocios/Lab02_Zu√±igaSilva/Lab02_Zu√±igaSilva.tex"
LaTeX2e <2020-10-01> patch level 2
L3 programming layer <2020-10-27> xparse <2020-03-03> (C:\Users\ROBY\AppData\Local\Programs\MiKTeX\tex/latex/elsarticle\elsarticle.cls
Document Class: elsarticle 2019/02/25, 3.2: Elsevier Ltd
\@bls=\dimen138
(C:\Users\ROBY\AppData\Local\Programs\MiKTeX\tex/latex/base\article.cls
Document Class: article 2020/04/10 v1.4m Standard LaTeX document class
(C:\Users\ROBY\AppData\Local\Programs\MiKTeX\tex/latex/base\size12.clo
File: size12.clo 2020/04/10 v1.4m Standard LaTeX file (size option)
)
\c@part=\count175
\c@section=\count176
\c@subsection=\count177
\c@subsubsection=\count178
\c@paragraph=\count179
\c@subparagraph=\count180
\c@figure=\count181
\c@table=\count182
\abovecaptionskip=\skip47
\belowcaptionskip=\skip48
\bibindent=\dimen139
) (C:\Users\ROBY\AppData\Local\Programs\MiKTeX\tex/latex/graphics\graphicx.sty
Package: graphicx 2020/09/09 v1.2b Enhanced LaTeX Graphics (DPC,SPQR)
 (C:\Users\ROBY\AppData\Local\Programs\MiKTeX\tex/latex/graphics\keyval.sty
Package: keyval 2014/10/28 v1.15 key=value parser (DPC)
\KV@toks@=\toks15
) (C:\Users\ROBY\AppData\Local\Programs\MiKTeX\tex/latex/graphics\graphics.sty
Package: graphics 2020/08/30 v1.4c Standard LaTeX Graphics (DPC,SPQR)
 (C:\Users\ROBY\AppData\Local\Programs\MiKTeX\tex/latex/graphics\trig.sty
Package: trig 2016/01/03 v1.10 sin cos tan (DPC)
) (C:\Users\ROBY\AppData\Local\Programs\MiKTeX\tex/latex/graphics-cfg\graphics.cfg
File: graphics.cfg 2016/06/04 v1.11 sample graphics configuration
)
Package graphics Info: Driver file: pdftex.def on input line 105.
 (C:\Users\ROBY\AppData\Local\Programs\MiKTeX\tex/latex/graphics-def\pdftex.def
File: pdftex.def 2020/10/05 v1.2a Graphics/color driver for pdftex
))
\Gin@req@height=\dimen140
\Gin@req@width=\dimen141
)
\c@tnote=\count183
\c@fnote=\count184
\c@cnote=\count185
\c@ead=\count186
\c@author=\count187
\@eadauthor=\toks16
\c@affn=\count188
\absbox=\box47
\elsarticlehighlightsbox=\box48
\elsarticlegrabsbox=\box49
\keybox=\box50
\Columnwidth=\dimen142
\space@left=\dimen143
\els@boxa=\box51
\els@boxb=\box52
\leftMargin=\dimen144
\@enLab=\toks17
\@sep=\skip49
\@@sep=\skip50
 ("e:/Universidad\UPT_2021_I\Inteligencia de Negocios\Lab02_Zu√±igaSilva\build\Lab02_Zu√±igaSilva.spl") (C:\Users\ROBY\AppData\Local\Programs\MiKTeX\tex/latex/natbib\natbib.sty
Package: natbib 2010/09/13 8.31b (PWD, AO)
\bibhang=\skip51
\bibsep=\skip52
LaTeX Info: Redefining \cite on input line 694.
\c@NAT@ctr=\count189
)
\splwrite=\write3
\openout3 = `Lab02_Zu√±igaSilva.spl'.

\appnamewidth=\dimen145
) (C:\Users\ROBY\AppData\Local\Programs\MiKTeX\tex/generic/babel\babel.sty
Package: babel 2020/10/27 3.51 The Babel package
 (C:\Users\ROBY\AppData\Local\Programs\MiKTeX\tex/generic/babel\babel.def
File: babel.def 2020/10/27 3.51 Babel common definitions
\babel@savecnt=\count190
\U@D=\dimen146
\l@babelnohyphens=\language79
 (C:\Users\ROBY\AppData\Local\Programs\MiKTeX\tex/generic/babel\txtbabel.def)
\bbl@readstream=\read2
)
\bbl@dirlevel=\count191

*************************************
* Local config file bblopts.cfg used
*
(C:\Users\ROBY\AppData\Local\Programs\MiKTeX\tex/latex/arabi\bblopts.cfg
File: bblopts.cfg 2005/09/08 v0.1 add Arabic and Farsi to "declared" options of babel
) (C:\Users\ROBY\AppData\Local\Programs\MiKTeX\tex/latex/babel-spanish\spanish.ldf
Language: spanish.ldf 2016/03/03 v5.0p Spanish support from the babel system
\es@quottoks=\toks18
\es@quotdepth=\count192
Package babel Info: Making " an active character on input line 561.
Package babel Info: Making . an active character on input line 662.
Package babel Info: Making < an active character on input line 707.
Package babel Info: Making > an active character on input line 707.
)) (C:\Users\ROBY\AppData\Local\Programs\MiKTeX\tex/latex/amsfonts\amssymb.sty
Package: amssymb 2013/01/14 v3.01 AMS font symbols
 (C:\Users\ROBY\AppData\Local\Programs\MiKTeX\tex/latex/amsfonts\amsfonts.sty
Package: amsfonts 2013/01/14 v3.01 Basic AMSFonts support
\@emptytoks=\toks19
\symAMSa=\mathgroup4
\symAMSb=\mathgroup5
LaTeX Font Info:    Redeclaring math symbol \hbar on input line 98.
LaTeX Font Info:    Overwriting math alphabet `\mathfrak' in version `bold'
(Font)                  U/euf/m/n --> U/euf/b/n on input line 106.
)) (C:\Users\ROBY\AppData\Local\Programs\MiKTeX\tex/latex/lineno\lineno.sty
Package: lineno 2005/11/02 line numbers on paragraphs v4.41
\linenopenalty=\count193
\output=\toks20
\linenoprevgraf=\count194
\linenumbersep=\dimen147
\linenumberwidth=\dimen148
\c@linenumber=\count195
\c@pagewiselinenumber=\count196
\c@LN@truepage=\count197
\c@internallinenumber=\count198
\c@internallinenumbers=\count199
\quotelinenumbersep=\dimen149
\bframerule=\dimen150
\bframesep=\dimen151
\bframebox=\box53
LaTeX Info: Redefining \\ on input line 3056.
) (C:\Users\ROBY\AppData\Local\Programs\MiKTeX\tex/latex/base\inputenc.sty
Package: inputenc 2020/08/01 v1.3d Input encoding file
\inpenc@prehook=\toks21
\inpenc@posthook=\toks22
) (C:\Users\ROBY\AppData\Local\Programs\MiKTeX\tex/latex/url\url.sty
\Urlmuskip=\muskip16
Package: url 2013/09/16  ver 3.4  Verb mode for urls, etc.
)

e:/Universidad/UPT_2021_I/Inteligencia de Negocios/Lab02_Zu√±igaSilva/Lab02_Zu√±igaSilva.tex:12: LaTeX Error: Two \documentclass or \documentstyle commands.

See the LaTeX manual or LaTeX Companion for explanation.
Type  H <return>  for immediate help.
 ...                                              
                                                  
l.12 \documentclass[12pt,letterpaper]{
                                      article}
The document may only declare one class.

(C:\Users\ROBY\AppData\Local\Programs\MiKTeX\tex/latex/geometry\geometry.sty
Package: geometry 2020/01/02 v5.9 Page Geometry
 (C:\Users\ROBY\AppData\Local\Programs\MiKTeX\tex/generic/iftex\ifvtex.sty
Package: ifvtex 2019/10/25 v1.7 ifvtex legacy package. Use iftex instead.
 (C:\Users\ROBY\AppData\Local\Programs\MiKTeX\tex/generic/iftex\iftex.sty
Package: iftex 2020/03/06 v1.0d TeX engine tests
))
\Gm@cnth=\count266
\Gm@cntv=\count267
\c@Gm@tempcnt=\count268
\Gm@bindingoffset=\dimen152
\Gm@wd@mp=\dimen153
\Gm@odd@mp=\dimen154
\Gm@even@mp=\dimen155
\Gm@layoutwidth=\dimen156
\Gm@layoutheight=\dimen157
\Gm@layouthoffset=\dimen158
\Gm@layoutvoffset=\dimen159
\Gm@dimlist=\toks23
 (C:\Users\ROBY\AppData\Local\Programs\MiKTeX\tex/latex/geometry\geometry.cfg)) (C:\Users\ROBY\AppData\Local\Programs\MiKTeX\tex/latex/float\float.sty
Package: float 2001/11/08 v1.3d Float enhancements (AL)
\c@float@type=\count269
\float@exts=\toks24
\float@box=\box54
\@float@everytoks=\toks25
\@floatcapt=\box55
) (C:\Users\ROBY\AppData\Local\Programs\MiKTeX\tex/latex/amsmath\amsmath.sty
Package: amsmath 2020/09/23 v2.17i AMS math features
\@mathmargin=\skip53

For additional information on amsmath, use the `?' option.
(C:\Users\ROBY\AppData\Local\Programs\MiKTeX\tex/latex/amsmath\amstext.sty
Package: amstext 2000/06/29 v2.01 AMS text
 (C:\Users\ROBY\AppData\Local\Programs\MiKTeX\tex/latex/amsmath\amsgen.sty
File: amsgen.sty 1999/11/30 v2.0 generic functions
\@emptytoks=\toks26
\ex@=\dimen160
)) (C:\Users\ROBY\AppData\Local\Programs\MiKTeX\tex/latex/amsmath\amsbsy.sty
Package: amsbsy 1999/11/29 v1.2d Bold Symbols
\pmbraise@=\dimen161
) (C:\Users\ROBY\AppData\Local\Programs\MiKTeX\tex/latex/amsmath\amsopn.sty
Package: amsopn 2016/03/08 v2.02 operator names
)
\inf@bad=\count270
LaTeX Info: Redefining \frac on input line 234.
\uproot@=\count271
\leftroot@=\count272
LaTeX Info: Redefining \overline on input line 399.
\classnum@=\count273
\DOTSCASE@=\count274
LaTeX Info: Redefining \ldots on input line 496.
LaTeX Info: Redefining \dots on input line 499.
LaTeX Info: Redefining \cdots on input line 620.
\Mathstrutbox@=\box56
\strutbox@=\box57
\big@size=\dimen162
LaTeX Font Info:    Redeclaring font encoding OML on input line 743.
LaTeX Font Info:    Redeclaring font encoding OMS on input line 744.
\macc@depth=\count275
\c@MaxMatrixCols=\count276
\dotsspace@=\muskip17
\c@parentequation=\count277
\dspbrk@lvl=\count278
\tag@help=\toks27
\row@=\count279
\column@=\count280
\maxfields@=\count281
\andhelp@=\toks28
\eqnshift@=\dimen163
\alignsep@=\dimen164
\tagshift@=\dimen165
\tagwidth@=\dimen166
\totwidth@=\dimen167
\lineht@=\dimen168
\@envbody=\toks29
\multlinegap=\skip54
\multlinetaggap=\skip55
\mathdisplay@stack=\toks30
LaTeX Info: Redefining \[ on input line 2923.
LaTeX Info: Redefining \] on input line 2924.
) (C:\Users\ROBY\AppData\Local\Programs\MiKTeX\tex/latex/oberdiek\stackrel.sty
Package: stackrel 2016/05/16 v1.3 Adding subscript option to stackrel (HO)
 (C:\Users\ROBY\AppData\Local\Programs\MiKTeX\tex/generic/etexcmds\etexcmds.sty
Package: etexcmds 2019/12/15 v1.7 Avoid name clashes with e-TeX commands (HO)
 (C:\Users\ROBY\AppData\Local\Programs\MiKTeX\tex/generic/infwarerr\infwarerr.sty
Package: infwarerr 2019/12/03 v1.5 Providing info/warning/error messages (HO)
)) (C:\Users\ROBY\AppData\Local\Programs\MiKTeX\tex/generic/pdftexcmds\pdftexcmds.sty
Package: pdftexcmds 2020-06-27 v0.33 Utility functions of pdfTeX for LuaTeX (HO)
 (C:\Users\ROBY\AppData\Local\Programs\MiKTeX\tex/generic/ltxcmds\ltxcmds.sty
Package: ltxcmds 2020-05-10 v1.25 LaTeX kernel commands for general use (HO)
)
Package pdftexcmds Info: \pdf@primitive is available.
Package pdftexcmds Info: \pdf@ifprimitive is available.
Package pdftexcmds Info: \pdfdraftmode found.
)) (C:\Users\ROBY\AppData\Local\Programs\MiKTeX\tex/latex/multirow\multirow.sty
Package: multirow 2019/05/31 v2.5 Span multiple rows of a table
\multirow@colwidth=\skip56
\multirow@cntb=\count282
\multirow@dima=\skip57
\bigstrutjot=\dimen169
) (C:\Users\ROBY\AppData\Local\Programs\MiKTeX\tex/latex/tools\enumerate.sty
Package: enumerate 2015/07/23 v3.00 enumerate extensions (DPC)
\@enLab=\toks31
) (C:\Users\ROBY\AppData\Local\Programs\MiKTeX\tex/latex/l3backend\l3backend-pdftex.def
File: l3backend-pdftex.def 2020-09-24 L3 backend support: PDF output (pdfTeX)
\l__kernel_color_stack_int=\count283
\l__pdf_internal_box=\box58
) ("e:/Universidad\UPT_2021_I\Inteligencia de Negocios\Lab02_Zu√±igaSilva\build\Lab02_Zu√±igaSilva.aux")
\openout1 = `Lab02_Zu√±igaSilva.aux'.

LaTeX Font Info:    Checking defaults for OML/cmm/m/it on input line 29.
LaTeX Font Info:    ... okay on input line 29.
LaTeX Font Info:    Checking defaults for OMS/cmsy/m/n on input line 29.
LaTeX Font Info:    ... okay on input line 29.
LaTeX Font Info:    Checking defaults for OT1/cmr/m/n on input line 29.
LaTeX Font Info:    ... okay on input line 29.
LaTeX Font Info:    Checking defaults for T1/cmr/m/n on input line 29.
LaTeX Font Info:    ... okay on input line 29.
LaTeX Font Info:    Checking defaults for TS1/cmr/m/n on input line 29.
LaTeX Font Info:    ... okay on input line 29.
LaTeX Font Info:    Checking defaults for OMX/cmex/m/n on input line 29.
LaTeX Font Info:    ... okay on input line 29.
LaTeX Font Info:    Checking defaults for U/cmr/m/n on input line 29.
LaTeX Font Info:    ... okay on input line 29.
 (C:\Users\ROBY\AppData\Local\Programs\MiKTeX\tex/context/base/mkii\supp-pdf.mkii
[Loading MPS to PDF converter (version 2006.09.02).]
\scratchcounter=\count284
\scratchdimen=\dimen170
\scratchbox=\box59
\nofMPsegments=\count285
\nofMParguments=\count286
\everyMPshowfont=\toks32
\MPscratchCnt=\count287
\MPscratchDim=\dimen171
\MPnumerator=\count288
\makeMPintoPDFobject=\count289
\everyMPtoPDFconversion=\toks33
) (C:\Users\ROBY\AppData\Local\Programs\MiKTeX\tex/latex/epstopdf-pkg\epstopdf-base.sty
Package: epstopdf-base 2020-01-24 v2.11 Base part for package epstopdf
Package epstopdf-base Info: Redefining graphics rule for `.eps' on input line 485.
)
LaTeX Info: Redefining \. on input line 29.
LaTeX Info: Redefining \% on input line 29.

*geometry* driver: auto-detecting
*geometry* detected driver: pdftex
*geometry* verbose mode - [ preamble ] result:
* driver: pdftex
* paper: <default>
* layout: <same size as paper>
* layoutoffset:(h,v)=(0.0pt,0.0pt)
* modes: 
* h-part:(L,W,R)=(56.9055pt, 500.484pt, 56.9055pt)
* v-part:(T,H,B)=(56.9055pt, 681.15898pt, 56.9055pt)
* \paperwidth=614.295pt
* \paperheight=794.96999pt
* \textwidth=500.484pt
* \textheight=681.15898pt
* \oddsidemargin=-15.36449pt
* \evensidemargin=-15.36449pt
* \topmargin=-52.36449pt
* \headheight=12.0pt
* \headsep=25.0pt
* \topskip=12.0pt
* \footskip=30.0pt
* \marginparwidth=44.0pt
* \marginparsep=10.0pt
* \columnsep=10.0pt
* \skip\footins=24.0pt
* \hoffset=0.0pt
* \voffset=0.0pt
* \mag=1000
* \@twocolumnfalse
* \@twosidefalse
* \@mparswitchfalse
* \@reversemarginfalse
* (1in=72.27pt=25.4mm, 1cm=28.453pt)

<./IMAGENES/logo.jpg, id=1, 202.7575pt x 249.93375pt>
File: ./IMAGENES/logo.jpg Graphic file (type jpg)
<use ./IMAGENES/logo.jpg>
Package pdftex.def Info: ./IMAGENES/logo.jpg  used on input line 40.
(pdftex.def)             Requested size: 113.81102pt x 140.29373pt.
[1

{C:/Users/ROBY/AppData/Local/MiKTeX/pdftex/config/pdftex.map} <./IMAGENES/logo.jpg>]
LaTeX Font Info:    Trying to load font information for U+msa on input line 93.
 (C:\Users\ROBY\AppData\Local\Programs\MiKTeX\tex/latex/amsfonts\umsa.fd
File: umsa.fd 2013/01/14 v3.01 AMS symbols A
)
LaTeX Font Info:    Trying to load font information for U+msb on input line 93.
 (C:\Users\ROBY\AppData\Local\Programs\MiKTeX\tex/latex/amsfonts\umsb.fd
File: umsb.fd 2013/01/14 v3.01 AMS symbols B
)
Underfull \hbox (badness 10000) in paragraph at lines 102--103

 []


e:/Universidad/UPT_2021_I/Inteligencia de Negocios/Lab02_Zu√±igaSilva/Lab02_Zu√±igaSilva.tex:105: LaTeX Error: There's no line here to end.

See the LaTeX manual or LaTeX Companion for explanation.
Type  H <return>  for immediate help.
 ...                                              
                                                  
l.105 		 		\\C
              reate a new app
Your command was ignored.
Type  I <command> <return>  to replace it with another command,
or  <return>  to continue without it.

<./IMAGENES/1.1.jpg, id=8, 224.33812pt x 276.28218pt>
File: ./IMAGENES/1.1.jpg Graphic file (type jpg)
<use ./IMAGENES/1.1.jpg>
Package pdftex.def Info: ./IMAGENES/1.1.jpg  used on input line 107.
(pdftex.def)             Requested size: 199.16928pt x 245.29594pt.

Underfull \hbox (badness 10000) in paragraph at lines 105--111

 []

<./IMAGENES/1.2.jpg, id=9, 355.3275pt x 298.86656pt>
File: ./IMAGENES/1.2.jpg Graphic file (type jpg)
<use ./IMAGENES/1.2.jpg>
Package pdftex.def Info: ./IMAGENES/1.2.jpg  used on input line 112.
(pdftex.def)             Requested size: 284.52756pt x 239.32158pt.

Underfull \hbox (badness 10000) in paragraph at lines 112--113

 []


e:/Universidad/UPT_2021_I/Inteligencia de Negocios/Lab02_Zu√±igaSilva/Lab02_Zu√±igaSilva.tex:114: LaTeX Error: There's no line here to end.

See the LaTeX manual or LaTeX Companion for explanation.
Type  H <return>  for immediate help.
 ...                                              
                                                  
l.114 		 		 \\L
               oad data  \\
Your command was ignored.
Type  I <command> <return>  to replace it with another command,
or  <return>  to continue without it.

<./IMAGENES/1.3.jpg, id=10, 400.49625pt x 291.33844pt>
File: ./IMAGENES/1.3.jpg Graphic file (type jpg)
<use ./IMAGENES/1.3.jpg>
Package pdftex.def Info: ./IMAGENES/1.3.jpg  used on input line 119.
(pdftex.def)             Requested size: 284.52756pt x 206.98955pt.
<./IMAGENES/1.3.2.jpg, id=11, 554.82281pt x 404.26031pt>
File: ./IMAGENES/1.3.2.jpg Graphic file (type jpg)
<use ./IMAGENES/1.3.2.jpg>
Package pdftex.def Info: ./IMAGENES/1.3.2.jpg  used on input line 120.
(pdftex.def)             Requested size: 284.52756pt x 207.31737pt.

Underfull \hbox (badness 10000) in paragraph at lines 114--124

 []


Underfull \hbox (badness 10000) in paragraph at lines 114--124

 []

[1 <./IMAGENES/1.1.jpg> <./IMAGENES/1.2.jpg>]
<./IMAGENES/1.4.jpg, id=17, 487.8225pt x 350.81062pt>
File: ./IMAGENES/1.4.jpg Graphic file (type jpg)
<use ./IMAGENES/1.4.jpg>
Package pdftex.def Info: ./IMAGENES/1.4.jpg  used on input line 125.
(pdftex.def)             Requested size: 284.52756pt x 204.61581pt.
<./IMAGENES/1.5.jpg, id=18, 730.22812pt x 459.96844pt>
File: ./IMAGENES/1.5.jpg Graphic file (type jpg)
<use ./IMAGENES/1.5.jpg>
Package pdftex.def Info: ./IMAGENES/1.5.jpg  used on input line 131.
(pdftex.def)             Requested size: 199.16928pt x 125.45647pt.
 [2 <./IMAGENES/1.3.jpg> <./IMAGENES/1.3.2.jpg>]

e:/Universidad/UPT_2021_I/Inteligencia de Negocios/Lab02_Zu√±igaSilva/Lab02_Zu√±igaSilva.tex:133: LaTeX Error: There's no line here to end.

See the LaTeX manual or LaTeX Companion for explanation.
Type  H <return>  for immediate help.
 ...                                              
                                                  
l.133 	 		\\ \item
                   Develop a sheet using ‚ÄòChart suggestion assistance‚Äô \\
Your command was ignored.
Type  I <command> <return>  to replace it with another command,
or  <return>  to continue without it.


Underfull \hbox (badness 10000) in paragraph at lines 133--134

 []


e:/Universidad/UPT_2021_I/Inteligencia de Negocios/Lab02_Zu√±igaSilva/Lab02_Zu√±igaSilva.tex:135: LaTeX Error: There's no line here to end.

See the LaTeX manual or LaTeX Companion for explanation.
Type  H <return>  for immediate help.
 ...                                              
                                                  
l.135 	 			\\ ‚
               Ä¢ Use the quick access navigation submenu under Analyze > Sh...
Your command was ignored.
Type  I <command> <return>  to replace it with another command,
or  <return>  to continue without it.

<./IMAGENES/2.1.jpg, id=22, 903.375pt x 495.35063pt>
File: ./IMAGENES/2.1.jpg Graphic file (type jpg)
<use ./IMAGENES/2.1.jpg>
Package pdftex.def Info: ./IMAGENES/2.1.jpg  used on input line 136.
(pdftex.def)             Requested size: 284.52756pt x 156.0136pt.
<./IMAGENES/2.2.jpg, id=23, 380.92313pt x 328.97906pt>
File: ./IMAGENES/2.2.jpg Graphic file (type jpg)
<use ./IMAGENES/2.2.jpg>
Package pdftex.def Info: ./IMAGENES/2.2.jpg  used on input line 139.
(pdftex.def)             Requested size: 284.52756pt x 245.73474pt.
<./IMAGENES/3.1.jpg, id=24, 995.97093pt x 517.935pt>
File: ./IMAGENES/3.1.jpg Graphic file (type jpg)
<use ./IMAGENES/3.1.jpg>
Package pdftex.def Info: ./IMAGENES/3.1.jpg  used on input line 143.
(pdftex.def)             Requested size: 284.52756pt x 147.96074pt.
<./IMAGENES/3.2.jpg, id=25, 903.375pt x 263.48438pt>
File: ./IMAGENES/3.2.jpg Graphic file (type jpg)
<use ./IMAGENES/3.2.jpg>
Package pdftex.def Info: ./IMAGENES/3.2.jpg  used on input line 147.
(pdftex.def)             Requested size: 284.52756pt x 82.98595pt.
<./IMAGENES/3.3.jpg, id=26, 456.20438pt x 268.75406pt>
File: ./IMAGENES/3.3.jpg Graphic file (type jpg)
<use ./IMAGENES/3.3.jpg>
Package pdftex.def Info: ./IMAGENES/3.3.jpg  used on input line 150.
(pdftex.def)             Requested size: 284.52756pt x 167.6223pt.

Underfull \hbox (badness 10000) in paragraph at lines 135--152

 []


Underfull \hbox (badness 10000) in paragraph at lines 135--152

 []


Underfull \hbox (badness 10000) in paragraph at lines 135--152

 []


Underfull \hbox (badness 10000) in paragraph at lines 135--152

 []


Underfull \hbox (badness 10000) in paragraph at lines 135--152

 []

[3 <./IMAGENES/1.4.jpg> <./IMAGENES/1.5.jpg> <./IMAGENES/2.1.jpg>] [4 <./IMAGENES/2.2.jpg> <./IMAGENES/3.1.jpg> <./IMAGENES/3.2.jpg>]
Underfull \hbox (badness 10000) in paragraph at lines 152--155

 []

<./IMAGENES/4.1.jpg, id=33, 564.60938pt x 420.82219pt>
File: ./IMAGENES/4.1.jpg Graphic file (type jpg)
<use ./IMAGENES/4.1.jpg>
Package pdftex.def Info: ./IMAGENES/4.1.jpg  used on input line 156.
(pdftex.def)             Requested size: 284.52756pt x 212.06725pt.

Underfull \hbox (badness 10000) in paragraph at lines 156--157

 []


e:/Universidad/UPT_2021_I/Inteligencia de Negocios/Lab02_Zu√±igaSilva/Lab02_Zu√±igaSilva.tex:158: LaTeX Error: There's no line here to end.

See the LaTeX manual or LaTeX Companion for explanation.
Type  H <return>  for immediate help.
 ...                                              
                                                  
l.158 	 			\\ I
               n Edit sheet mode, use the Fields ( ) section of the assets p...
Your command was ignored.
Type  I <command> <return>  to replace it with another command,
or  <return>  to continue without it.

e:/Universidad/UPT_2021_I/Inteligencia de Negocios/Lab02_Zu√±igaSilva/Lab02_Zu√±igaSilva.tex:158: Misplaced alignment tab character &.
l.158 ...s ( ) section of the assets panel, drag &
                                                   drop the Sales field onto
I can't figure out why you would want to use a tab mark
here. If you just want an ampersand, the remedy is
simple: Just type `I\&' now. But if some right brace
up above has ended a previous alignment prematurely,
you're probably due for more error messages, and you
might try typing `S' now just to see what is salvageable.

<./IMAGENES/4.2.jpg, id=34, 497.60907pt x 364.36125pt>
File: ./IMAGENES/4.2.jpg Graphic file (type jpg)
<use ./IMAGENES/4.2.jpg>
Package pdftex.def Info: ./IMAGENES/4.2.jpg  used on input line 160.
(pdftex.def)             Requested size: 284.52756pt x 208.33855pt.
e:/Universidad/UPT_2021_I/Inteligencia de Negocios/Lab02_Zu√±igaSilva/Lab02_Zu√±igaSilva.tex:161: Misplaced alignment tab character &.
l.161 	 			\\ Drag &
                     drop the Country field onto the KPI chart, ensuring tha...
I can't figure out why you would want to use a tab mark
here. If you just want an ampersand, the remedy is
simple: Just type `I\&' now. But if some right brace
up above has ended a previous alignment prematurely,
you're probably due for more error messages, and you
might try typing `S' now just to see what is salvageable.

<./IMAGENES/4.3.jpg, id=35, 511.9125pt x 349.305pt>
File: ./IMAGENES/4.3.jpg Graphic file (type jpg)
<use ./IMAGENES/4.3.jpg>
Package pdftex.def Info: ./IMAGENES/4.3.jpg  used on input line 163.
(pdftex.def)             Requested size: 284.52756pt x 194.14905pt.

Underfull \hbox (badness 10000) in paragraph at lines 158--164

 []


Underfull \hbox (badness 10000) in paragraph at lines 158--164

 []


Underfull \hbox (badness 10000) in paragraph at lines 158--164

 []

[5 <./IMAGENES/3.3.jpg> <./IMAGENES/4.1.jpg>]
<./IMAGENES/5.1.jpg, id=39, 836.3747pt x 458.46281pt>
File: ./IMAGENES/5.1.jpg Graphic file (type jpg)
<use ./IMAGENES/5.1.jpg>
Package pdftex.def Info: ./IMAGENES/5.1.jpg  used on input line 167.
(pdftex.def)             Requested size: 284.52756pt x 155.96623pt.

Underfull \hbox (badness 10000) in paragraph at lines 164--168

 []


Underfull \hbox (badness 10000) in paragraph at lines 164--168

 []


Overfull \hbox (165.26547pt too wide) in paragraph at lines 164--168
\OT1/cmr/m/n/12 Return to Edit sheet mo-de and con-si-der al-ter-na-ti-ve chart sug-ges-tions. [] 
 []

[6 <./IMAGENES/4.2.jpg> <./IMAGENES/4.3.jpg>]

e:/Universidad/UPT_2021_I/Inteligencia de Negocios/Lab02_Zu√±igaSilva/Lab02_Zu√±igaSilva.tex:170: LaTeX Error: There's no line here to end.

See the LaTeX manual or LaTeX Companion for explanation.
Type  H <return>  for immediate help.
 ...                                              
                                                  
l.170 	 			\\ N
               otice that the properties panel for the charts configured wit...
Your command was ignored.
Type  I <command> <return>  to replace it with another command,
or  <return>  to continue without it.

<./IMAGENES/6.1.jpg, id=44, 194.97844pt x 73.77562pt>
File: ./IMAGENES/6.1.jpg Graphic file (type jpg)
<use ./IMAGENES/6.1.jpg>
Package pdftex.def Info: ./IMAGENES/6.1.jpg  used on input line 172.
(pdftex.def)             Requested size: 284.52756pt x 107.66307pt.
<./IMAGENES/6.2.jpg, id=45, 603.0028pt x 359.09157pt>
File: ./IMAGENES/6.2.jpg Graphic file (type jpg)
<use ./IMAGENES/6.2.jpg>
Package pdftex.def Info: ./IMAGENES/6.2.jpg  used on input line 175.
(pdftex.def)             Requested size: 284.52756pt x 169.43605pt.

Overfull \hbox (32.54947pt too wide) in paragraph at lines 170--177
\OT1/cmr/m/n/12 tog-gle the Chart sug-ges-tions switch to `off'. [] 
 []


Underfull \hbox (badness 10000) in paragraph at lines 177--178

 []


e:/Universidad/UPT_2021_I/Inteligencia de Negocios/Lab02_Zu√±igaSilva/Lab02_Zu√±igaSilva.tex:179: LaTeX Error: There's no line here to end.

See the LaTeX manual or LaTeX Companion for explanation.
Type  H <return>  for immediate help.
 ...                                              
                                                  
l.179 				\\ C
              reate a new sheet in the app, titled ‚ÄúMy custom charts‚Äú.  \\
Your command was ignored.
Type  I <command> <return>  to replace it with another command,
or  <return>  to continue without it.

<./IMAGENES/7.1.jpg, id=46, 426.09187pt x 229.60782pt>
File: ./IMAGENES/7.1.jpg Graphic file (type jpg)
<use ./IMAGENES/7.1.jpg>
Package pdftex.def Info: ./IMAGENES/7.1.jpg  used on input line 180.
(pdftex.def)             Requested size: 284.52756pt x 153.33192pt.
e:/Universidad/UPT_2021_I/Inteligencia de Negocios/Lab02_Zu√±igaSilva/Lab02_Zu√±igaSilva.tex:181: Misplaced alignment tab character &.
l.181 				\\ Drag &
                    drop objects from the Charts ( ) section of the assets p...
I can't figure out why you would want to use a tab mark
here. If you just want an ampersand, the remedy is
simple: Just type `I\&' now. But if some right brace
up above has ended a previous alignment prematurely,
you're probably due for more error messages, and you
might try typing `S' now just to see what is salvageable.

e:/Universidad/UPT_2021_I/Inteligencia de Negocios/Lab02_Zu√±igaSilva/Lab02_Zu√±igaSilva.tex:182: Misplaced alignment tab character &.
l.182 ..., Pie Chart, KPI, Filter pane, and Text &
                                                  
I can't figure out why you would want to use a tab mark
here. If you just want an ampersand, the remedy is
simple: Just type `I\&' now. But if some right brace
up above has ended a previous alignment prematurely,
you're probably due for more error messages, and you
might try typing `S' now just to see what is salvageable.

[7 <./IMAGENES/5.1.jpg> <./IMAGENES/6.1.jpg> <./IMAGENES/6.2.jpg>]
<./IMAGENES/7.2.jpg, id=50, 552.56438pt x 368.1253pt>
File: ./IMAGENES/7.2.jpg Graphic file (type jpg)
<use ./IMAGENES/7.2.jpg>
Package pdftex.def Info: ./IMAGENES/7.2.jpg  used on input line 185.
(pdftex.def)             Requested size: 284.52756pt x 189.55576pt.
<./IMAGENES/8.1.jpg, id=51, 396.7322pt x 257.46187pt>
File: ./IMAGENES/8.1.jpg Graphic file (type jpg)
<use ./IMAGENES/8.1.jpg>
Package pdftex.def Info: ./IMAGENES/8.1.jpg  used on input line 189.
(pdftex.def)             Requested size: 284.52756pt x 184.64954pt.

Underfull \hbox (badness 10000) in paragraph at lines 187--190

 []


Underfull \hbox (badness 10000) in paragraph at lines 191--193

 []

[8 <./IMAGENES/7.1.jpg> <./IMAGENES/7.2.jpg> <./IMAGENES/8.1.jpg>]
<./IMAGENES/9.jpg, id=55, 699.36281pt x 254.45062pt>
File: ./IMAGENES/9.jpg Graphic file (type jpg)
<use ./IMAGENES/9.jpg>
Package pdftex.def Info: ./IMAGENES/9.jpg  used on input line 194.
(pdftex.def)             Requested size: 284.52756pt x 103.52173pt.
<./IMAGENES/9.1.jpg, id=56, 774.64406pt x 332.74312pt>
File: ./IMAGENES/9.1.jpg Graphic file (type jpg)
<use ./IMAGENES/9.1.jpg>
Package pdftex.def Info: ./IMAGENES/9.1.jpg  used on input line 198.
(pdftex.def)             Requested size: 284.52756pt x 122.21942pt.

Underfull \hbox (badness 10000) in paragraph at lines 194--200

 []

<./IMAGENES/9.2.jpg, id=57, 322.95656pt x 178.41656pt>
File: ./IMAGENES/9.2.jpg Graphic file (type jpg)
<use ./IMAGENES/9.2.jpg>
Package pdftex.def Info: ./IMAGENES/9.2.jpg  used on input line 201.
(pdftex.def)             Requested size: 284.52756pt x 157.19489pt.
<./IMAGENES/9.3.jpg, id=58, 170.88844pt x 170.13562pt>
File: ./IMAGENES/9.3.jpg Graphic file (type jpg)
<use ./IMAGENES/9.3.jpg>
Package pdftex.def Info: ./IMAGENES/9.3.jpg  used on input line 205.
(pdftex.def)             Requested size: 284.52756pt x 283.29471pt.
[9 <./IMAGENES/9.jpg> <./IMAGENES/9.1.jpg> <./IMAGENES/9.2.jpg>]
Runaway argument?
{
e:/Universidad/UPT_2021_I/Inteligencia de Negocios/Lab02_Zu√±igaSilva/Lab02_Zu√±igaSilva.tex:220: Paragraph ended before \@sect was complete.
<to be read again> 
                   \par 
l.220 
      
I suspect you've forgotten a `}', causing me to apply this
control sequence to too much text. How can we recover?
My plan is to forget the whole thing and hope for the best.

e:/Universidad/UPT_2021_I/Inteligencia de Negocios/Lab02_Zu√±igaSilva/Lab02_Zu√±igaSilva.tex:220: Too many }'s.
\@xdblarg #1#2->#1[{#2}
                       ]{#2}
l.220 
      
You've closed more groups than you opened.
Such booboos are generally harmless, so keep going.

[10 <./IMAGENES/9.3.jpg>] ("e:/Universidad\UPT_2021_I\Inteligencia de Negocios\Lab02_Zu√±igaSilva\build\Lab02_Zu√±igaSilva.aux"
LaTeX Info: Redefining \. on input line 8.
LaTeX Info: Redefining \% on input line 8.
) ) 
Here is how much of TeX's memory you used:
 5495 strings out of 479799
 77967 string characters out of 2870197
 366985 words of memory out of 3000000
 22362 multiletter control sequences out of 15000+200000
 541281 words of font info for 52 fonts, out of 3000000 for 9000
 1141 hyphenation exceptions out of 8191
 80i,5n,85p,335b,361s stack positions out of 5000i,500n,10000p,200000b,50000s
 <C:\Users\ROBY\AppData\Local\MiKTeX\fonts/pk/ljfour/jknappen/ec/dpi600\tcrm1200.pk><C:/Users/ROBY/AppData/Local/Programs/MiKTeX/fonts/type1/public/amsfonts/cm/cmbx12.pfb><C:/Users/ROBY/AppData/Local/Programs/MiKTeX/fonts/type1/public/amsfonts/cm/cmr12.pfb><C:/Users/ROBY/AppData/Local/Programs/MiKTeX/fonts/type1/public/amsfonts/cm/cmsy10.pfb>
Output written on "e:/Universidad\UPT_2021_I\Inteligencia de Negocios\Lab02_Zu√±igaSilva\build\Lab02_Zu√±igaSilva.pdf" (11 pages, 1150425 bytes).
PDF statistics:
 80 PDF objects out of 1000 (max. 8388607)
 0 named destinations out of 1000 (max. 500000)
 126 words of extra memory for PDF output out of 10000 (max. 10000000)

